 0.00000000e+00  0.00000000e+00  0.00000000e+00 -1.01000000e-12 
 1.00000000e-02  1.00000000e-02  1.00000000e-02 -1.01000000e-12 
 2.00000000e-02  2.00000000e-02  2.00000000e-02 -1.01000000e-12 
 3.00000000e-02  3.00000000e-02  3.00000000e-02 -1.01000000e-12 
 4.00000000e-02  4.00000000e-02  4.00000000e-02 -1.01000000e-12 
 5.00000000e-02  5.00000000e-02  5.00000000e-02 -1.01000000e-12 
 6.00000000e-02  6.00000000e-02  6.00000000e-02 -1.01000000e-12 
 7.00000000e-02  7.00000000e-02  7.00000000e-02 -1.01000000e-12 
 8.00000000e-02  8.00000000e-02  8.00000000e-02 -1.01000000e-12 
 9.00000000e-02  9.00000000e-02  9.00000000e-02 -1.01000000e-12 
 1.00000000e-01  1.00000000e-01  1.00000000e-01 -1.01000000e-12 
 1.10000000e-01  1.10000000e-01  1.10000000e-01 -1.01000000e-12 
 1.20000000e-01  1.20000000e-01  1.20000000e-01 -1.01000000e-12 
 1.30000000e-01  1.30000000e-01  1.30000000e-01 -1.01000000e-12 
 1.40000000e-01  1.40000000e-01  1.40000000e-01 -1.01000000e-12 
 1.50000000e-01  1.50000000e-01  1.50000000e-01 -1.01000000e-12 
 1.60000000e-01  1.60000000e-01  1.60000000e-01 -1.01000000e-12 
 1.70000000e-01  1.70000000e-01  1.70000000e-01 -1.01000000e-12 
 1.80000000e-01  1.80000000e-01  1.80000000e-01 -1.01000000e-12 
 1.90000000e-01  1.90000000e-01  1.90000000e-01 -1.01000000e-12 
 2.00000000e-01  2.00000000e-01  2.00000000e-01 -1.01000000e-12 
 2.10000000e-01  2.10000000e-01  2.10000000e-01 -1.01000000e-12 
 2.20000000e-01  2.20000000e-01  2.20000000e-01 -1.01000000e-12 
 2.30000000e-01  2.30000000e-01  2.30000000e-01 -1.01000000e-12 
 2.40000000e-01  2.40000000e-01  2.40000000e-01 -1.01000000e-12 
 2.50000000e-01  2.50000000e-01  2.50000000e-01 -1.01000000e-12 
 2.60000000e-01  2.60000000e-01  2.60000000e-01 -1.01000000e-12 
 2.70000000e-01  2.70000000e-01  2.70000000e-01 -1.01000000e-12 
 2.80000000e-01  2.80000000e-01  2.80000000e-01 -1.01000000e-12 
 2.90000000e-01  2.90000000e-01  2.90000000e-01 -1.01000000e-12 
 3.00000000e-01  3.00000000e-01  3.00000000e-01 -1.01000000e-12 
 3.10000000e-01  3.10000000e-01  3.10000000e-01 -1.01000000e-12 
 3.20000000e-01  3.20000000e-01  3.20000000e-01 -1.01000000e-12 
 3.30000000e-01  3.30000000e-01  3.30000000e-01 -1.01000000e-12 
 3.40000000e-01  3.40000000e-01  3.40000000e-01 -1.01000000e-12 
 3.50000000e-01  3.50000000e-01  3.50000000e-01 -1.01000000e-12 
 3.60000000e-01  3.60000000e-01  3.60000000e-01 -1.01000000e-12 
 3.70000000e-01  3.70000000e-01  3.70000000e-01 -1.01000000e-12 
 3.80000000e-01  3.80000000e-01  3.80000000e-01 -1.01000000e-12 
 3.90000000e-01  3.90000000e-01  3.90000000e-01 -1.01000000e-12 
 4.00000000e-01  4.00000000e-01  4.00000000e-01 -1.01000000e-12 
 4.10000000e-01  4.10000000e-01  4.10000000e-01 -6.80010100e-08 
 4.20000000e-01  4.20000000e-01  4.20000000e-01 -2.72001010e-07 
 4.30000000e-01  4.30000000e-01  4.30000000e-01 -6.12001010e-07 
 4.40000000e-01  4.40000000e-01  4.40000000e-01 -1.08800101e-06 
 4.50000000e-01  4.50000000e-01  4.50000000e-01 -1.70000101e-06 
 4.60000000e-01  4.60000000e-01  4.60000000e-01 -2.44800101e-06 
 4.70000000e-01  4.70000000e-01  4.70000000e-01 -3.33200101e-06 
 4.80000000e-01  4.80000000e-01  4.80000000e-01 -4.35200101e-06 
 4.90000000e-01  4.90000000e-01  4.90000000e-01 -5.50800101e-06 
 5.00000000e-01  5.00000000e-01  5.00000000e-01 -6.80000101e-06 
 5.10000000e-01  5.10000000e-01  5.10000000e-01 -8.22800101e-06 
 5.20000000e-01  5.20000000e-01  5.20000000e-01 -9.79200101e-06 
 5.30000000e-01  5.30000000e-01  5.30000000e-01 -1.14920010e-05 
 5.40000000e-01  5.40000000e-01  5.40000000e-01 -1.33280010e-05 
 5.50000000e-01  5.50000000e-01  5.50000000e-01 -1.53000010e-05 
 5.60000000e-01  5.60000000e-01  5.60000000e-01 -1.74080010e-05 
 5.70000000e-01  5.70000000e-01  5.70000000e-01 -1.96520010e-05 
 5.80000000e-01  5.80000000e-01  5.80000000e-01 -2.20320010e-05 
 5.90000000e-01  5.90000000e-01  5.90000000e-01 -2.45480010e-05 
 6.00000000e-01  6.00000000e-01  6.00000000e-01 -2.72000010e-05 
 6.10000000e-01  6.10000000e-01  6.10000000e-01 -2.99880010e-05 
 6.20000000e-01  6.20000000e-01  6.20000000e-01 -3.29120010e-05 
 6.30000000e-01  6.30000000e-01  6.30000000e-01 -3.59720010e-05 
 6.40000000e-01  6.40000000e-01  6.40000000e-01 -3.91680010e-05 
 6.50000000e-01  6.50000000e-01  6.50000000e-01 -4.25000010e-05 
 6.60000000e-01  6.60000000e-01  6.60000000e-01 -4.59680010e-05 
 6.70000000e-01  6.70000000e-01  6.70000000e-01 -4.95720010e-05 
 6.80000000e-01  6.80000000e-01  6.80000000e-01 -5.33120010e-05 
 6.90000000e-01  6.90000000e-01  6.90000000e-01 -5.71880010e-05 
 7.00000000e-01  7.00000000e-01  7.00000000e-01 -6.12000010e-05 
 7.10000000e-01  7.10000000e-01  7.10000000e-01 -6.53480010e-05 
 7.20000000e-01  7.20000000e-01  7.20000000e-01 -6.96320010e-05 
 7.30000000e-01  7.30000000e-01  7.30000000e-01 -7.40520010e-05 
 7.40000000e-01  7.40000000e-01  7.40000000e-01 -7.86080010e-05 
 7.50000000e-01  7.50000000e-01  7.50000000e-01 -8.33000010e-05 
 7.60000000e-01  7.60000000e-01  7.60000000e-01 -8.81280010e-05 
 7.70000000e-01  7.70000000e-01  7.70000000e-01 -9.30920010e-05 
 7.80000000e-01  7.80000000e-01  7.80000000e-01 -9.81920010e-05 
 7.90000000e-01  7.90000000e-01  7.90000000e-01 -1.03428001e-04 
 8.00000000e-01  8.00000000e-01  8.00000000e-01 -1.08800001e-04 
 8.10000000e-01  8.10000000e-01  8.10000000e-01 -1.14308001e-04 
 8.20000000e-01  8.20000000e-01  8.20000000e-01 -1.19952001e-04 
 8.30000000e-01  8.30000000e-01  8.30000000e-01 -1.25732001e-04 
 8.40000000e-01  8.40000000e-01  8.40000000e-01 -1.31648001e-04 
 8.50000000e-01  8.50000000e-01  8.50000000e-01 -1.37700001e-04 
 8.60000000e-01  8.60000000e-01  8.60000000e-01 -1.43888001e-04 
 8.70000000e-01  8.70000000e-01  8.70000000e-01 -1.50212001e-04 
 8.80000000e-01  8.80000000e-01  8.80000000e-01 -1.56672001e-04 
 8.90000000e-01  8.90000000e-01  8.90000000e-01 -1.63268001e-04 
 9.00000000e-01  9.00000000e-01  9.00000000e-01 -1.70000001e-04 
 9.10000000e-01  9.10000000e-01  9.10000000e-01 -1.76868001e-04 
 9.20000000e-01  9.20000000e-01  9.20000000e-01 -1.83872001e-04 
 9.30000000e-01  9.30000000e-01  9.30000000e-01 -1.91012001e-04 
 9.40000000e-01  9.40000000e-01  9.40000000e-01 -1.98288001e-04 
 9.50000000e-01  9.50000000e-01  9.50000000e-01 -2.05700001e-04 
 9.60000000e-01  9.60000000e-01  9.60000000e-01 -2.13248001e-04 
 9.70000000e-01  9.70000000e-01  9.70000000e-01 -2.20932001e-04 
 9.80000000e-01  9.80000000e-01  9.80000000e-01 -2.28752001e-04 
 9.90000000e-01  9.90000000e-01  9.90000000e-01 -2.36708001e-04 
 1.00000000e+00  1.00000000e+00  1.00000000e+00 -2.44800001e-04 
 1.01000000e+00  1.01000000e+00  1.01000000e+00 -2.53028001e-04 
 1.02000000e+00  1.02000000e+00  1.02000000e+00 -2.61392001e-04 
 1.03000000e+00  1.03000000e+00  1.03000000e+00 -2.69892001e-04 
 1.04000000e+00  1.04000000e+00  1.04000000e+00 -2.78528001e-04 
 1.05000000e+00  1.05000000e+00  1.05000000e+00 -2.87300001e-04 
 1.06000000e+00  1.06000000e+00  1.06000000e+00 -2.96208001e-04 
 1.07000000e+00  1.07000000e+00  1.07000000e+00 -3.05252001e-04 
 1.08000000e+00  1.08000000e+00  1.08000000e+00 -3.14432001e-04 
 1.09000000e+00  1.09000000e+00  1.09000000e+00 -3.23748001e-04 
 1.10000000e+00  1.10000000e+00  1.10000000e+00 -3.33200001e-04 
 1.11000000e+00  1.11000000e+00  1.11000000e+00 -3.42788001e-04 
 1.12000000e+00  1.12000000e+00  1.12000000e+00 -3.52512001e-04 
 1.13000000e+00  1.13000000e+00  1.13000000e+00 -3.62372001e-04 
 1.14000000e+00  1.14000000e+00  1.14000000e+00 -3.72368001e-04 
 1.15000000e+00  1.15000000e+00  1.15000000e+00 -3.82500001e-04 
 1.16000000e+00  1.16000000e+00  1.16000000e+00 -3.92768001e-04 
 1.17000000e+00  1.17000000e+00  1.17000000e+00 -4.03172001e-04 
 1.18000000e+00  1.18000000e+00  1.18000000e+00 -4.13712001e-04 
 1.19000000e+00  1.19000000e+00  1.19000000e+00 -4.24388001e-04 
 1.20000000e+00  1.20000000e+00  1.20000000e+00 -4.35200001e-04 
