 0.00000000e+00  0.00000000e+00  0.00000000e+00  1.01000000e-12 
-1.00000000e-02 -1.00000000e-02 -1.00000000e-02  1.01000000e-12 
-2.00000000e-02 -2.00000000e-02 -2.00000000e-02  1.01000000e-12 
-3.00000000e-02 -3.00000000e-02 -3.00000000e-02  1.01000000e-12 
-4.00000000e-02 -4.00000000e-02 -4.00000000e-02  1.01000000e-12 
-5.00000000e-02 -5.00000000e-02 -5.00000000e-02  1.01000000e-12 
-6.00000000e-02 -6.00000000e-02 -6.00000000e-02  1.01000000e-12 
-7.00000000e-02 -7.00000000e-02 -7.00000000e-02  1.01000000e-12 
-8.00000000e-02 -8.00000000e-02 -8.00000000e-02  1.01000000e-12 
-9.00000000e-02 -9.00000000e-02 -9.00000000e-02  1.01000000e-12 
-1.00000000e-01 -1.00000000e-01 -1.00000000e-01  1.01000000e-12 
-1.10000000e-01 -1.10000000e-01 -1.10000000e-01  1.01000000e-12 
-1.20000000e-01 -1.20000000e-01 -1.20000000e-01  1.01000000e-12 
-1.30000000e-01 -1.30000000e-01 -1.30000000e-01  1.01000000e-12 
-1.40000000e-01 -1.40000000e-01 -1.40000000e-01  1.01000000e-12 
-1.50000000e-01 -1.50000000e-01 -1.50000000e-01  1.01000000e-12 
-1.60000000e-01 -1.60000000e-01 -1.60000000e-01  1.01000000e-12 
-1.70000000e-01 -1.70000000e-01 -1.70000000e-01  1.01000000e-12 
-1.80000000e-01 -1.80000000e-01 -1.80000000e-01  1.01000000e-12 
-1.90000000e-01 -1.90000000e-01 -1.90000000e-01  1.01000000e-12 
-2.00000000e-01 -2.00000000e-01 -2.00000000e-01  1.01000000e-12 
-2.10000000e-01 -2.10000000e-01 -2.10000000e-01  1.01000000e-12 
-2.20000000e-01 -2.20000000e-01 -2.20000000e-01  1.01000000e-12 
-2.30000000e-01 -2.30000000e-01 -2.30000000e-01  1.01000000e-12 
-2.40000000e-01 -2.40000000e-01 -2.40000000e-01  1.01000000e-12 
-2.50000000e-01 -2.50000000e-01 -2.50000000e-01  1.01000000e-12 
-2.60000000e-01 -2.60000000e-01 -2.60000000e-01  1.01000000e-12 
-2.70000000e-01 -2.70000000e-01 -2.70000000e-01  1.01000000e-12 
-2.80000000e-01 -2.80000000e-01 -2.80000000e-01  1.01000000e-12 
-2.90000000e-01 -2.90000000e-01 -2.90000000e-01  1.01000000e-12 
-3.00000000e-01 -3.00000000e-01 -3.00000000e-01  1.01000000e-12 
-3.10000000e-01 -3.10000000e-01 -3.10000000e-01  1.01000000e-12 
-3.20000000e-01 -3.20000000e-01 -3.20000000e-01  1.01000000e-12 
-3.30000000e-01 -3.30000000e-01 -3.30000000e-01  1.01000000e-12 
-3.40000000e-01 -3.40000000e-01 -3.40000000e-01  1.01000000e-12 
-3.50000000e-01 -3.50000000e-01 -3.50000000e-01  1.01000000e-12 
-3.60000000e-01 -3.60000000e-01 -3.60000000e-01  1.01000000e-12 
-3.70000000e-01 -3.70000000e-01 -3.70000000e-01  1.01000000e-12 
-3.80000000e-01 -3.80000000e-01 -3.80000000e-01  1.01000000e-12 
-3.90000000e-01 -3.90000000e-01 -3.90000000e-01  1.01000000e-12 
-4.00000000e-01 -4.00000000e-01 -4.00000000e-01  1.01000000e-12 
-4.10000000e-01 -4.10000000e-01 -4.10000000e-01  4.20010100e-08 
-4.20000000e-01 -4.20000000e-01 -4.20000000e-01  1.68001010e-07 
-4.30000000e-01 -4.30000000e-01 -4.30000000e-01  3.78001010e-07 
-4.40000000e-01 -4.40000000e-01 -4.40000000e-01  6.72001010e-07 
-4.50000000e-01 -4.50000000e-01 -4.50000000e-01  1.05000101e-06 
-4.60000000e-01 -4.60000000e-01 -4.60000000e-01  1.51200101e-06 
-4.70000000e-01 -4.70000000e-01 -4.70000000e-01  2.05800101e-06 
-4.80000000e-01 -4.80000000e-01 -4.80000000e-01  2.68800101e-06 
-4.90000000e-01 -4.90000000e-01 -4.90000000e-01  3.40200101e-06 
-5.00000000e-01 -5.00000000e-01 -5.00000000e-01  4.20000101e-06 
-5.10000000e-01 -5.10000000e-01 -5.10000000e-01  5.08200101e-06 
-5.20000000e-01 -5.20000000e-01 -5.20000000e-01  6.04800101e-06 
-5.30000000e-01 -5.30000000e-01 -5.30000000e-01  7.09800101e-06 
-5.40000000e-01 -5.40000000e-01 -5.40000000e-01  8.23200101e-06 
-5.50000000e-01 -5.50000000e-01 -5.50000000e-01  9.45000101e-06 
-5.60000000e-01 -5.60000000e-01 -5.60000000e-01  1.07520010e-05 
-5.70000000e-01 -5.70000000e-01 -5.70000000e-01  1.21380010e-05 
-5.80000000e-01 -5.80000000e-01 -5.80000000e-01  1.36080010e-05 
-5.90000000e-01 -5.90000000e-01 -5.90000000e-01  1.51620010e-05 
-6.00000000e-01 -6.00000000e-01 -6.00000000e-01  1.68000010e-05 
-6.10000000e-01 -6.10000000e-01 -6.10000000e-01  1.85220010e-05 
-6.20000000e-01 -6.20000000e-01 -6.20000000e-01  2.03280010e-05 
-6.30000000e-01 -6.30000000e-01 -6.30000000e-01  2.22180010e-05 
-6.40000000e-01 -6.40000000e-01 -6.40000000e-01  2.41920010e-05 
-6.50000000e-01 -6.50000000e-01 -6.50000000e-01  2.62500010e-05 
-6.60000000e-01 -6.60000000e-01 -6.60000000e-01  2.83920010e-05 
-6.70000000e-01 -6.70000000e-01 -6.70000000e-01  3.06180010e-05 
-6.80000000e-01 -6.80000000e-01 -6.80000000e-01  3.29280010e-05 
-6.90000000e-01 -6.90000000e-01 -6.90000000e-01  3.53220010e-05 
-7.00000000e-01 -7.00000000e-01 -7.00000000e-01  3.78000010e-05 
-7.10000000e-01 -7.10000000e-01 -7.10000000e-01  4.03620010e-05 
-7.20000000e-01 -7.20000000e-01 -7.20000000e-01  4.30080010e-05 
-7.30000000e-01 -7.30000000e-01 -7.30000000e-01  4.57380010e-05 
-7.40000000e-01 -7.40000000e-01 -7.40000000e-01  4.85520010e-05 
-7.50000000e-01 -7.50000000e-01 -7.50000000e-01  5.14500010e-05 
-7.60000000e-01 -7.60000000e-01 -7.60000000e-01  5.44320010e-05 
-7.70000000e-01 -7.70000000e-01 -7.70000000e-01  5.74980010e-05 
-7.80000000e-01 -7.80000000e-01 -7.80000000e-01  6.06480010e-05 
-7.90000000e-01 -7.90000000e-01 -7.90000000e-01  6.38820010e-05 
-8.00000000e-01 -8.00000000e-01 -8.00000000e-01  6.72000010e-05 
-8.10000000e-01 -8.10000000e-01 -8.10000000e-01  7.06020010e-05 
-8.20000000e-01 -8.20000000e-01 -8.20000000e-01  7.40880010e-05 
-8.30000000e-01 -8.30000000e-01 -8.30000000e-01  7.76580010e-05 
-8.40000000e-01 -8.40000000e-01 -8.40000000e-01  8.13120010e-05 
-8.50000000e-01 -8.50000000e-01 -8.50000000e-01  8.50500010e-05 
-8.60000000e-01 -8.60000000e-01 -8.60000000e-01  8.88720010e-05 
-8.70000000e-01 -8.70000000e-01 -8.70000000e-01  9.27780010e-05 
-8.80000000e-01 -8.80000000e-01 -8.80000000e-01  9.67680010e-05 
-8.90000000e-01 -8.90000000e-01 -8.90000000e-01  1.00842001e-04 
-9.00000000e-01 -9.00000000e-01 -9.00000000e-01  1.05000001e-04 
-9.10000000e-01 -9.10000000e-01 -9.10000000e-01  1.09242001e-04 
-9.20000000e-01 -9.20000000e-01 -9.20000000e-01  1.13568001e-04 
-9.30000000e-01 -9.30000000e-01 -9.30000000e-01  1.17978001e-04 
-9.40000000e-01 -9.40000000e-01 -9.40000000e-01  1.22472001e-04 
-9.50000000e-01 -9.50000000e-01 -9.50000000e-01  1.27050001e-04 
-9.60000000e-01 -9.60000000e-01 -9.60000000e-01  1.31712001e-04 
-9.70000000e-01 -9.70000000e-01 -9.70000000e-01  1.36458001e-04 
-9.80000000e-01 -9.80000000e-01 -9.80000000e-01  1.41288001e-04 
-9.90000000e-01 -9.90000000e-01 -9.90000000e-01  1.46202001e-04 
-1.00000000e+00 -1.00000000e+00 -1.00000000e+00  1.51200001e-04 
-1.01000000e+00 -1.01000000e+00 -1.01000000e+00  1.56282001e-04 
-1.02000000e+00 -1.02000000e+00 -1.02000000e+00  1.61448001e-04 
-1.03000000e+00 -1.03000000e+00 -1.03000000e+00  1.66698001e-04 
-1.04000000e+00 -1.04000000e+00 -1.04000000e+00  1.72032001e-04 
-1.05000000e+00 -1.05000000e+00 -1.05000000e+00  1.77450001e-04 
-1.06000000e+00 -1.06000000e+00 -1.06000000e+00  1.82952001e-04 
-1.07000000e+00 -1.07000000e+00 -1.07000000e+00  1.88538001e-04 
-1.08000000e+00 -1.08000000e+00 -1.08000000e+00  1.94208001e-04 
-1.09000000e+00 -1.09000000e+00 -1.09000000e+00  1.99962001e-04 
-1.10000000e+00 -1.10000000e+00 -1.10000000e+00  2.05800001e-04 
-1.11000000e+00 -1.11000000e+00 -1.11000000e+00  2.11722001e-04 
-1.12000000e+00 -1.12000000e+00 -1.12000000e+00  2.17728001e-04 
-1.13000000e+00 -1.13000000e+00 -1.13000000e+00  2.23818001e-04 
-1.14000000e+00 -1.14000000e+00 -1.14000000e+00  2.29992001e-04 
-1.15000000e+00 -1.15000000e+00 -1.15000000e+00  2.36250001e-04 
-1.16000000e+00 -1.16000000e+00 -1.16000000e+00  2.42592001e-04 
-1.17000000e+00 -1.17000000e+00 -1.17000000e+00  2.49018001e-04 
-1.18000000e+00 -1.18000000e+00 -1.18000000e+00  2.55528001e-04 
-1.19000000e+00 -1.19000000e+00 -1.19000000e+00  2.62122001e-04 
-1.20000000e+00 -1.20000000e+00 -1.20000000e+00  2.68800001e-04 
